<?xml version="1.0" encoding="UTF-8"?>
<testng-results ignored="0" total="1" passed="1" failed="0" skipped="0">
  <reporter-output>
  </reporter-output>
  <suite started-at="2025-07-18T00:43:09 IST" name="AutomationSuite" finished-at="2025-07-18T00:43:12 IST" duration-ms="3000">
    <groups>
    </groups>
    <test started-at="2025-07-18T00:43:09 IST" name="RunTests" finished-at="2025-07-18T00:43:12 IST" duration-ms="3000">
      <class name="TestScripts.TestScript1">
        <test-method signature="test()[pri:0, instance:TestScripts.TestScript1@9f116cc]" started-at="2025-07-18T00:43:09 IST" name="test" finished-at="2025-07-18T00:43:12 IST" duration-ms="2957" status="PASS">
          <reporter-output>
          </reporter-output>
        </test-method> <!-- test -->
      </class> <!-- TestScripts.TestScript1 -->
    </test> <!-- RunTests -->
  </suite> <!-- AutomationSuite -->
</testng-results>
